SF:lib\src\states.dart
DA:6,1
DA:7,1
DA:9,2
DA:16,1
DA:17,1
DA:19,2
DA:20,3
DA:26,1
DA:28,2
DA:41,1
DA:42,1
DA:44,2
DA:45,2
DA:46,2
DA:50,1
DA:52,1
DA:53,6
DA:56,2
DA:59,1
DA:60,1
DA:62,1
DA:63,1
DA:64,1
DA:65,1
DA:67,2
DA:68,2
DA:69,2
DA:70,2
DA:75,3
DA:77,2
DA:78,2
DA:79,1
DA:82,1
DA:83,1
DA:84,1
DA:86,1
DA:88,2
DA:89,1
DA:91,1
DA:92,1
DA:93,1
DA:94,1
DA:98,1
DA:99,1
DA:100,1
DA:101,3
DA:102,1
DA:108,1
DA:109,1
DA:111,1
DA:113,1
DA:114,1
DA:116,1
DA:118,2
DA:119,3
DA:120,1
DA:121,1
DA:122,1
DA:123,1
DA:125,3
DA:127,2
DA:128,2
DA:129,1
DA:132,1
DA:133,1
DA:134,1
DA:136,1
DA:139,3
DA:145,1
DA:146,1
DA:147,1
DA:148,3
DA:151,1
DA:152,1
DA:154,1
DA:155,1
DA:156,1
DA:173,1
DA:174,2
DA:175,2
DA:176,2
DA:177,2
DA:181,1
DA:182,1
DA:183,1
DA:184,2
DA:188,1
DA:189,1
DA:191,1
DA:192,1
DA:193,1
DA:194,1
DA:196,1
DA:197,1
DA:198,1
DA:199,1
DA:201,1
DA:202,1
DA:203,1
DA:205,1
DA:206,1
DA:207,2
DA:209,1
DA:212,1
DA:213,1
DA:214,1
DA:219,1
DA:220,1
DA:221,1
DA:222,2
DA:224,2
DA:227,1
DA:228,1
DA:229,1
DA:230,1
DA:231,1
DA:244,1
DA:245,3
DA:246,1
DA:247,1
DA:248,1
DA:252,1
DA:253,1
DA:255,1
DA:257,1
DA:261,1
DA:262,3
DA:263,3
DA:264,2
DA:268,1
DA:270,1
DA:272,1
DA:286,1
DA:287,2
DA:288,2
DA:293,1
DA:294,1
DA:296,1
DA:297,1
DA:298,1
DA:299,1
DA:301,1
DA:302,3
DA:303,1
DA:304,1
DA:305,1
DA:306,1
DA:308,1
DA:309,1
DA:315,1
DA:316,1
DA:318,1
DA:320,2
DA:335,1
DA:336,2
DA:337,2
DA:338,2
DA:339,2
DA:343,1
DA:344,1
DA:345,1
DA:349,1
DA:350,1
DA:353,1
DA:354,1
DA:355,1
DA:357,1
DA:360,1
DA:363,1
DA:364,1
DA:366,1
DA:376,1
DA:377,1
DA:378,1
DA:379,1
DA:380,1
DA:382,2
DA:383,1
DA:384,1
DA:387,1
DA:388,1
DA:389,1
DA:391,3
DA:396,1
DA:397,2
DA:412,1
DA:413,2
DA:414,2
DA:415,2
DA:416,2
DA:420,1
DA:421,1
DA:422,1
DA:423,2
DA:426,1
DA:427,1
DA:429,1
DA:430,1
DA:431,1
DA:435,1
DA:437,1
DA:438,1
DA:440,1
DA:441,1
DA:442,1
DA:446,1
DA:447,1
DA:448,1
DA:449,1
DA:451,2
DA:452,2
DA:453,1
DA:457,1
DA:458,2
DA:472,1
DA:473,2
DA:474,2
DA:478,1
DA:479,1
DA:481,1
DA:482,1
DA:483,1
DA:484,1
DA:486,1
DA:487,3
DA:489,1
DA:491,1
DA:494,1
DA:510,1
DA:511,2
DA:512,2
DA:516,1
DA:517,1
DA:519,1
DA:520,1
DA:521,1
DA:522,1
DA:524,1
DA:525,1
DA:527,2
DA:528,1
DA:530,1
DA:531,1
DA:533,2
DA:538,2
DA:539,1
DA:541,1
DA:542,1
DA:545,3
DA:556,1
DA:557,2
DA:558,2
DA:562,1
DA:563,1
DA:564,1
DA:565,1
DA:566,1
DA:568,1
DA:571,1
DA:572,1
DA:574,1
DA:575,1
DA:581,1
DA:582,1
DA:584,1
DA:585,3
LF:266
LH:266
end_of_record
SF:lib\tagser.dart
DA:22,1
DA:23,3
DA:26,1
DA:27,2
DA:28,3
DA:30,1
DA:31,1
DA:34,1
DA:35,1
DA:37,3
DA:38,2
DA:39,1
DA:41,3
DA:43,2
DA:44,1
DA:49,2
DA:50,2
DA:52,2
DA:56,2
DA:58,2
DA:60,1
DA:61,1
DA:65,1
DA:68,1
DA:69,2
DA:71,1
DA:72,1
DA:75,1
DA:80,1
DA:81,2
DA:82,1
DA:85,1
DA:86,3
DA:89,1
DA:90,2
DA:93,1
DA:94,8
DA:98,1
DA:99,2
DA:102,1
DA:103,1
DA:106,1
DA:107,2
DA:110,1
DA:113,1
DA:114,2
DA:115,2
DA:116,3
DA:120,1
DA:122,1
DA:123,2
DA:124,4
DA:128,1
DA:132,1
DA:134,1
DA:135,2
DA:140,3
DA:142,3
LF:58
LH:58
end_of_record
SF:lib\src\const.dart
DA:57,1
DA:58,1
DA:61,1
DA:63,1
DA:64,2
DA:65,3
LF:6
LH:6
end_of_record
SF:lib\src\messages.dart
DA:11,1
DA:13,1
DA:20,1
DA:23,1
DA:33,1
DA:36,1
LF:6
LH:6
end_of_record
SF:lib\src\result.dart
DA:10,1
LF:1
LH:1
end_of_record
SF:lib\src\attribute.dart
DA:7,1
LF:1
LH:1
end_of_record
SF:lib\src\error.dart
DA:7,1
LF:1
LH:1
end_of_record
SF:lib\src\utils.dart
DA:4,1
DA:5,1
DA:6,2
DA:7,2
DA:8,2
LF:5
LH:5
end_of_record
SF:lib\src\tag.dart
DA:13,1
DA:20,1
DA:21,1
DA:22,1
DA:23,2
DA:24,2
DA:25,1
DA:26,1
DA:29,1
DA:31,3
DA:35,1
DA:36,2
DA:39,1
DA:40,2
DA:41,3
DA:47,1
DA:48,1
DA:51,1
DA:52,1
DA:55,1
DA:56,1
DA:59,1
DA:60,1
DA:63,1
DA:64,1
DA:67,1
DA:68,1
DA:71,1
DA:72,5
LF:29
LH:29
end_of_record
SF:lib\src\context.dart
DA:8,1
DA:14,1
DA:15,3
DA:16,2
LF:4
LH:4
end_of_record
